c:\users\eizel\documents\visual studio 2013\projects\project33\project33\debug\vc120.pdb
c:\users\eizel\documents\visual studio 2013\projects\project33\project33\debug\ticketissuer.obj
c:\users\eizel\documents\visual studio 2013\projects\project33\project33\debug\source1.obj
c:\users\eizel\documents\visual studio 2013\projects\project33\project33\debug\passenger.obj
c:\users\eizel\documents\visual studio 2013\projects\project33\project33\debug\myform1.obj
c:\users\eizel\documents\visual studio 2013\projects\project33\project33\debug\myform.obj
c:\users\eizel\documents\visual studio 2013\projects\project33\project33\debug\managerticketissuer.obj
c:\users\eizel\documents\visual studio 2013\projects\project33\project33\debug\managerpassenger.obj
c:\users\eizel\documents\visual studio 2013\projects\project33\project33\debug\managerdriver.obj
c:\users\eizel\documents\visual studio 2013\projects\project33\project33\debug\driver.obj
c:\users\eizel\documents\visual studio 2013\projects\project33\project33\debug\.netframework,version=v4.5.assemblyattributes.obj
c:\users\eizel\documents\visual studio 2013\projects\project33\project33\debug\project33.driver.resources
c:\users\eizel\documents\visual studio 2013\projects\project33\project33\debug\project33.managerdriver.resources
c:\users\eizel\documents\visual studio 2013\projects\project33\project33\debug\project33.managerpassenger.resources
c:\users\eizel\documents\visual studio 2013\projects\project33\project33\debug\project33.managerticketissuer.resources
c:\users\eizel\documents\visual studio 2013\projects\project33\project33\debug\project33.myform.resources
c:\users\eizel\documents\visual studio 2013\projects\project33\project33\debug\project33.myform1.resources
c:\users\eizel\documents\visual studio 2013\projects\project33\project33\debug\project33.passenger.resources
c:\users\eizel\documents\visual studio 2013\projects\project33\project33\debug\project33.ticketissuer.resources
c:\users\eizel\documents\visual studio 2013\projects\project33\project33\debug\project33.vcxproj.generateresource.cache
c:\users\eizel\documents\visual studio 2013\projects\project33\project33\debug\project33.vcxprojresolveassemblyreference.cache
c:\users\eizel\documents\visual studio 2013\projects\project33\debug\project33.pdb
c:\users\eizel\documents\visual studio 2013\projects\project33\debug\project33.exe
c:\users\eizel\documents\visual studio 2013\projects\project33\project33\debug\project33.tlog\cl.command.1.tlog
c:\users\eizel\documents\visual studio 2013\projects\project33\project33\debug\project33.tlog\cl.read.1.tlog
c:\users\eizel\documents\visual studio 2013\projects\project33\project33\debug\project33.tlog\cl.write.1.tlog
c:\users\eizel\documents\visual studio 2013\projects\project33\project33\debug\project33.tlog\link.12860-cvtres.read.1.tlog
c:\users\eizel\documents\visual studio 2013\projects\project33\project33\debug\project33.tlog\link.12860-cvtres.write.1.tlog
c:\users\eizel\documents\visual studio 2013\projects\project33\project33\debug\project33.tlog\link.12860-rc.read.1.tlog
c:\users\eizel\documents\visual studio 2013\projects\project33\project33\debug\project33.tlog\link.12860-rc.write.1.tlog
c:\users\eizel\documents\visual studio 2013\projects\project33\project33\debug\project33.tlog\link.12860.read.1.tlog
c:\users\eizel\documents\visual studio 2013\projects\project33\project33\debug\project33.tlog\link.12860.write.1.tlog
c:\users\eizel\documents\visual studio 2013\projects\project33\project33\debug\project33.tlog\link.command.1.tlog
c:\users\eizel\documents\visual studio 2013\projects\project33\project33\debug\project33.tlog\link.read.1.tlog
c:\users\eizel\documents\visual studio 2013\projects\project33\project33\debug\project33.tlog\link.write.1.tlog
c:\users\eizel\documents\visual studio 2013\projects\project33\project33\debug\project33.tlog\metagen.read.1.tlog
c:\users\eizel\documents\visual studio 2013\projects\project33\project33\debug\project33.tlog\metagen.write.1.tlog
c:\users\eizel\documents\visual studio 2013\projects\project33\project33\debug\project33.tlog\project33.write.1u.tlog
c:\users\eizel\documents\visual studio 2013\projects\project33\project33\debug\project33.tlog\tzres.dll.bi
