Build started 5/13/2017 9:33:37 PM.
     1>Project "C:\Users\eizel\Documents\Visual Studio 2013\Projects\Project33\Project33\Project33.vcxproj" on node 2 (Rebuild target(s)).
     1>ClCompile:
         C:\Program Files (x86)\Microsoft Visual Studio 12.0\VC\bin\CL.exe /c /AI"C:\Program Files (x86)\Reference Assemblies\Microsoft\Framework\.NETFramework\v4.5\\" /AI"C:\Program Files (x86)\Windows Kits\8.1\References\CommonConfiguration\Neutral" /AI"C:\Program Files (x86)\Reference Assemblies\Microsoft\Framework\.NETFramework\v4.5\Facades\\" /Zi /clr /nologo /W3 /WX- /O2 /Oy- /D WIN32 /D NDEBUG /D _UNICODE /D UNICODE /EHa /MD /GS /fp:precise /Zc:wchar_t /Zc:forScope /Fo"Release\\" /Fd"Release\vc120.pdb" /TP /FU"C:\Program Files (x86)\Reference Assemblies\Microsoft\Framework\.NETFramework\v4.5\mscorlib.dll" /FU"C:\Program Files (x86)\Reference Assemblies\Microsoft\Framework\.NETFramework\v4.5\System.Data.dll" /FU"C:\Program Files (x86)\Reference Assemblies\Microsoft\Framework\.NETFramework\v4.5\System.dll" /FU"C:\Program Files (x86)\Reference Assemblies\Microsoft\Framework\.NETFramework\v4.5\System.Drawing.dll" /FU"C:\Program Files (x86)\Reference Assemblies\Microsoft\Framework\.NETFramework\v4.5\System.Messaging.dll" /FU"C:\Program Files (x86)\Reference Assemblies\Microsoft\Framework\.NETFramework\v4.5\System.Windows.Forms.dll" /FU"C:\Program Files (x86)\Reference Assemblies\Microsoft\Framework\.NETFramework\v4.5\System.Xml.dll" /analyze- /errorReport:prompt /clr:nostdlib driver.cpp ManagerDriver.cpp managerPassenger.cpp MyForm.cpp MyForm1.cpp passenger.cpp Source1.cpp ticketIssuer.cpp
         driver.cpp
         ManagerDriver.cpp
         managerPassenger.cpp
         MyForm.cpp
         MyForm1.cpp
         passenger.cpp
         Source1.cpp
         ticketIssuer.cpp
         Generating Code...
         C:\Program Files (x86)\Microsoft Visual Studio 12.0\VC\bin\CL.exe /c /Zi /clr /nologo /W3 /WX- /O2 /Oy- /D WIN32 /D NDEBUG /D _UNICODE /D UNICODE /EHa /MD /GS /fp:precise /Zc:wchar_t /Zc:forScope /Fo"Release\\" /Fd"Release\vc120.pdb" /TP /analyze- /errorReport:prompt "C:\Users\eizel\AppData\Local\Temp\.NETFramework,Version=v4.5.AssemblyAttributes.cpp"
         .NETFramework,Version=v4.5.AssemblyAttributes.cpp
       Link:
         C:\Program Files (x86)\Microsoft Visual Studio 12.0\VC\bin\link.exe /ERRORREPORT:PROMPT /OUT:"c:\users\eizel\documents\visual studio 2013\Projects\BUSnsw\Release\Project33.exe" /INCREMENTAL:NO /NOLOGO /ASSEMBLYRESOURCE:Release\Project33.driver.resources /ASSEMBLYRESOURCE:Release\Project33.ManagerDriver.resources /ASSEMBLYRESOURCE:Release\Project33.managerPassenger.resources /ASSEMBLYRESOURCE:Release\Project33.MyForm.resources /ASSEMBLYRESOURCE:Release\Project33.MyForm1.resources /ASSEMBLYRESOURCE:Release\Project33.passenger.resources /ASSEMBLYRESOURCE:Release\Project33.ticketIssuer.resources /MANIFEST /MANIFESTUAC:"level='asInvoker' uiAccess='false'" /manifest:embed /DEBUG /PDB:"c:\users\eizel\documents\visual studio 2013\Projects\BUSnsw\Release\Project33.pdb" /TLBID:1 /DYNAMICBASE /FIXED:NO /NXCOMPAT /MACHINE:X86 /SAFESEH Release\driver.obj
         Release\ManagerDriver.obj
         Release\managerPassenger.obj
         Release\MyForm.obj
         Release\MyForm1.obj
         Release\passenger.obj
         Release\Source1.obj
         Release\ticketIssuer.obj
         "Release\.NETFramework,Version=v4.5.AssemblyAttributes.obj"
         Project33.vcxproj -> c:\users\eizel\documents\visual studio 2013\Projects\BUSnsw\Release\Project33.exe
     1>Done Building Project "C:\Users\eizel\Documents\Visual Studio 2013\Projects\Project33\Project33\Project33.vcxproj" (Rebuild target(s)).

Build succeeded.

Time Elapsed 00:00:27.11
