c:\users\eizel\documents\visual studio 2013\projects\project33\project33\release\vc120.pdb
c:\users\eizel\documents\visual studio 2013\projects\project33\project33\release\ticketissuer.obj
c:\users\eizel\documents\visual studio 2013\projects\project33\project33\release\source1.obj
c:\users\eizel\documents\visual studio 2013\projects\project33\project33\release\passenger.obj
c:\users\eizel\documents\visual studio 2013\projects\project33\project33\release\myform1.obj
c:\users\eizel\documents\visual studio 2013\projects\project33\project33\release\myform.obj
c:\users\eizel\documents\visual studio 2013\projects\project33\project33\release\managerpassenger.obj
c:\users\eizel\documents\visual studio 2013\projects\project33\project33\release\managerdriver.obj
c:\users\eizel\documents\visual studio 2013\projects\project33\project33\release\driver.obj
c:\users\eizel\documents\visual studio 2013\projects\project33\project33\release\.netframework,version=v4.5.assemblyattributes.obj
c:\users\eizel\documents\visual studio 2013\projects\project33\project33\release\project33.driver.resources
c:\users\eizel\documents\visual studio 2013\projects\project33\project33\release\project33.managerdriver.resources
c:\users\eizel\documents\visual studio 2013\projects\project33\project33\release\project33.managerpassenger.resources
c:\users\eizel\documents\visual studio 2013\projects\project33\project33\release\project33.myform.resources
c:\users\eizel\documents\visual studio 2013\projects\project33\project33\release\project33.myform1.resources
c:\users\eizel\documents\visual studio 2013\projects\project33\project33\release\project33.passenger.resources
c:\users\eizel\documents\visual studio 2013\projects\project33\project33\release\project33.ticketissuer.resources
c:\users\eizel\documents\visual studio 2013\projects\project33\project33\release\project33.vcxproj.generateresource.cache
c:\users\eizel\documents\visual studio 2013\projects\project33\project33\release\project33.tlog\cl.command.1.tlog
c:\users\eizel\documents\visual studio 2013\projects\project33\project33\release\project33.tlog\cl.read.1.tlog
c:\users\eizel\documents\visual studio 2013\projects\project33\project33\release\project33.tlog\cl.write.1.tlog
c:\users\eizel\documents\visual studio 2013\projects\project33\project33\release\project33.tlog\link.command.1.tlog
c:\users\eizel\documents\visual studio 2013\projects\project33\project33\release\project33.tlog\link.read.1.tlog
c:\users\eizel\documents\visual studio 2013\projects\project33\project33\release\project33.tlog\link.write.1.tlog
c:\users\eizel\documents\visual studio 2013\projects\project33\project33\release\project33.tlog\metagen.read.1.tlog
c:\users\eizel\documents\visual studio 2013\projects\project33\project33\release\project33.tlog\metagen.write.1.tlog
c:\users\eizel\documents\visual studio 2013\projects\project33\project33\release\project33.tlog\project33.write.1u.tlog
c:\users\eizel\documents\visual studio 2013\projects\project33\project33\release\project33.tlog\tzres.dll.bi
